<?xml version="1.0" encoding="UTF-8"?>
<!-- Generated by org.testng.reporters.JUnitReportReporter -->
<testsuite hostname="Huawei-PC" failures="0" tests="1" name="Clas2_Packfge.Class_2" time="4.405" errors="0" timestamp="2023-02-27T21:28:42 EET" skipped="0">
  <testcase classname="Clas2_Packfge.Class_2" name="case_1" time="4.405"/>
  <system-out/>
</testsuite> <!-- Clas2_Packfge.Class_2 -->
