<?xml version="1.0" encoding="UTF-8"?>
<!-- Generated by org.testng.reporters.JUnitReportReporter -->
<testsuite hostname="Huawei-PC" failures="0" tests="1" name="Main.TesyNg" time="11.976" errors="0" timestamp="2023-02-27T21:28:42 EET" skipped="0">
  <testcase classname="Main.TesyNg" name="case_1" time="11.976"/>
  <system-out/>
</testsuite> <!-- Main.TesyNg -->
